<?xml version="1.0" encoding="UTF-8"?>
<testsuite name="com.example.restdoc.controller.UserControllerTest" tests="1" skipped="0" failures="0" errors="0" timestamp="2019-08-19T08:53:35" hostname="Mac-mini-2" time="0.125">
  <properties/>
  <testcase name="findAll" classname="com.example.restdoc.controller.UserControllerTest" time="0.125"/>
  <system-out><![CDATA[2019-08-19 17:53:35.600  INFO 79939 --- [    Test worker] .b.t.a.w.s.WebMvcTestContextBootstrapper : Neither @ContextConfiguration nor @ContextHierarchy found for test class [com.example.restdoc.controller.UserControllerTest], using SpringBootContextLoader
2019-08-19 17:53:35.600  INFO 79939 --- [    Test worker] o.s.t.c.support.AbstractContextLoader    : Could not detect default resource locations for test class [com.example.restdoc.controller.UserControllerTest]: no resource found for suffixes {-context.xml, Context.groovy}.
2019-08-19 17:53:35.600  INFO 79939 --- [    Test worker] t.c.s.AnnotationConfigContextLoaderUtils : Could not detect default configuration classes for test class [com.example.restdoc.controller.UserControllerTest]: UserControllerTest does not declare any static, non-private, non-final, nested classes annotated with @Configuration.
2019-08-19 17:53:35.615  INFO 79939 --- [    Test worker] .b.t.c.SpringBootTestContextBootstrapper : Found @SpringBootConfiguration com.example.restdoc.SpringRestdocMasterApplication for test class com.example.restdoc.controller.UserControllerTest
2019-08-19 17:53:35.615  INFO 79939 --- [    Test worker] .b.t.a.w.s.WebMvcTestContextBootstrapper : Loaded default TestExecutionListener class names from location [META-INF/spring.factories]: [org.springframework.boot.test.autoconfigure.restdocs.RestDocsTestExecutionListener, org.springframework.boot.test.autoconfigure.web.client.MockRestServiceServerResetTestExecutionListener, org.springframework.boot.test.autoconfigure.web.servlet.MockMvcPrintOnlyOnFailureTestExecutionListener, org.springframework.boot.test.autoconfigure.web.servlet.WebDriverTestExecutionListener, org.springframework.boot.test.mock.mockito.MockitoTestExecutionListener, org.springframework.boot.test.mock.mockito.ResetMocksTestExecutionListener, org.springframework.test.context.web.ServletTestExecutionListener, org.springframework.test.context.support.DirtiesContextBeforeModesTestExecutionListener, org.springframework.test.context.support.DependencyInjectionTestExecutionListener, org.springframework.test.context.support.DirtiesContextTestExecutionListener, org.springframework.test.context.transaction.TransactionalTestExecutionListener, org.springframework.test.context.jdbc.SqlScriptsTestExecutionListener]
2019-08-19 17:53:35.615  INFO 79939 --- [    Test worker] .b.t.a.w.s.WebMvcTestContextBootstrapper : Using TestExecutionListeners: [org.springframework.test.context.web.ServletTestExecutionListener@e66255e, org.springframework.test.context.support.DirtiesContextBeforeModesTestExecutionListener@7e82afa2, org.springframework.boot.test.mock.mockito.MockitoTestExecutionListener@440deea, org.springframework.boot.test.autoconfigure.SpringBootDependencyInjectionTestExecutionListener@75a7008f, org.springframework.test.context.support.DirtiesContextTestExecutionListener@4a5487b0, org.springframework.test.context.transaction.TransactionalTestExecutionListener@2140cee7, org.springframework.test.context.jdbc.SqlScriptsTestExecutionListener@2375e3ab, org.springframework.boot.test.autoconfigure.restdocs.RestDocsTestExecutionListener@6e1b3c32, org.springframework.boot.test.autoconfigure.web.client.MockRestServiceServerResetTestExecutionListener@9c4f46, org.springframework.boot.test.autoconfigure.web.servlet.MockMvcPrintOnlyOnFailureTestExecutionListener@270c8e44, org.springframework.boot.test.autoconfigure.web.servlet.WebDriverTestExecutionListener@2be849b5, org.springframework.boot.test.mock.mockito.ResetMocksTestExecutionListener@1c251a56]

  .   ____          _            __ _ _
 /\\ / ___'_ __ _ _(_)_ __  __ _ \ \ \ \
( ( )\___ | '_ | '_| | '_ \/ _` | \ \ \ \
 \\/  ___)| |_)| | | | | || (_| |  ) ) ) )
  '  |____| .__|_| |_|_| |_\__, | / / / /
 =========|_|==============|___/=/_/_/_/
 :: Spring Boot ::        (v2.1.1.RELEASE)

2019-08-19 17:53:35.631  INFO 79939 --- [    Test worker] c.e.r.controller.UserControllerTest      : Starting UserControllerTest on Mac-mini-2 with PID 79939 (started by yh_kim in /Users/yh_kim/Downloads/spring-restdoc-master)
2019-08-19 17:53:35.631  INFO 79939 --- [    Test worker] c.e.r.controller.UserControllerTest      : No active profile set, falling back to default profiles: default
2019-08-19 17:53:35.859  INFO 79939 --- [    Test worker] o.s.s.concurrent.ThreadPoolTaskExecutor  : Initializing ExecutorService 'applicationTaskExecutor'
2019-08-19 17:53:35.954  INFO 79939 --- [    Test worker] o.s.b.t.m.w.SpringBootMockServletContext : Initializing Spring TestDispatcherServlet ''
2019-08-19 17:53:35.954  INFO 79939 --- [    Test worker] o.s.t.web.servlet.TestDispatcherServlet  : Initializing Servlet ''
2019-08-19 17:53:35.960  INFO 79939 --- [    Test worker] o.s.t.web.servlet.TestDispatcherServlet  : Completed initialization in 6 ms
2019-08-19 17:53:35.969  INFO 79939 --- [    Test worker] c.e.r.controller.UserControllerTest      : Started UserControllerTest in 0.352 seconds (JVM running for 3.642)
]]></system-out>
  <system-err><![CDATA[]]></system-err>
</testsuite>
