<?xml version="1.0" encoding="UTF-8"?>
<testsuite name="com.example.restdoc.SpringRestdocMasterApplicationTests" tests="1" skipped="0" failures="0" errors="0" timestamp="2019-08-19T08:53:35" hostname="Mac-mini-2" time="0.025">
  <properties/>
  <testcase name="contextLoads" classname="com.example.restdoc.SpringRestdocMasterApplicationTests" time="0.025"/>
  <system-out><![CDATA[17:53:32.715 [Test worker] DEBUG org.springframework.test.context.junit4.SpringJUnit4ClassRunner - SpringJUnit4ClassRunner constructor called with [class com.example.restdoc.SpringRestdocMasterApplicationTests]
17:53:32.719 [Test worker] DEBUG org.springframework.test.context.BootstrapUtils - Instantiating CacheAwareContextLoaderDelegate from class [org.springframework.test.context.cache.DefaultCacheAwareContextLoaderDelegate]
17:53:32.724 [Test worker] DEBUG org.springframework.test.context.BootstrapUtils - Instantiating BootstrapContext using constructor [public org.springframework.test.context.support.DefaultBootstrapContext(java.lang.Class,org.springframework.test.context.CacheAwareContextLoaderDelegate)]
17:53:32.737 [Test worker] DEBUG org.springframework.test.context.BootstrapUtils - Instantiating TestContextBootstrapper for test class [com.example.restdoc.SpringRestdocMasterApplicationTests] from class [org.springframework.boot.test.context.SpringBootTestContextBootstrapper]
17:53:32.744 [Test worker] INFO org.springframework.boot.test.context.SpringBootTestContextBootstrapper - Neither @ContextConfiguration nor @ContextHierarchy found for test class [com.example.restdoc.SpringRestdocMasterApplicationTests], using SpringBootContextLoader
17:53:32.746 [Test worker] DEBUG org.springframework.test.context.support.AbstractContextLoader - Did not detect default resource location for test class [com.example.restdoc.SpringRestdocMasterApplicationTests]: class path resource [com/example/restdoc/SpringRestdocMasterApplicationTests-context.xml] does not exist
17:53:32.746 [Test worker] DEBUG org.springframework.test.context.support.AbstractContextLoader - Did not detect default resource location for test class [com.example.restdoc.SpringRestdocMasterApplicationTests]: class path resource [com/example/restdoc/SpringRestdocMasterApplicationTestsContext.groovy] does not exist
17:53:32.746 [Test worker] INFO org.springframework.test.context.support.AbstractContextLoader - Could not detect default resource locations for test class [com.example.restdoc.SpringRestdocMasterApplicationTests]: no resource found for suffixes {-context.xml, Context.groovy}.
17:53:32.747 [Test worker] INFO org.springframework.test.context.support.AnnotationConfigContextLoaderUtils - Could not detect default configuration classes for test class [com.example.restdoc.SpringRestdocMasterApplicationTests]: SpringRestdocMasterApplicationTests does not declare any static, non-private, non-final, nested classes annotated with @Configuration.
17:53:32.768 [Test worker] DEBUG org.springframework.test.context.support.ActiveProfilesUtils - Could not find an 'annotation declaring class' for annotation type [org.springframework.test.context.ActiveProfiles] and class [com.example.restdoc.SpringRestdocMasterApplicationTests]
17:53:32.811 [Test worker] DEBUG org.springframework.context.annotation.ClassPathScanningCandidateComponentProvider - Identified candidate component class: file [/Users/yh_kim/Downloads/spring-restdoc-master/build/classes/java/main/com/example/restdoc/SpringRestdocMasterApplication.class]
17:53:32.812 [Test worker] INFO org.springframework.boot.test.context.SpringBootTestContextBootstrapper - Found @SpringBootConfiguration com.example.restdoc.SpringRestdocMasterApplication for test class com.example.restdoc.SpringRestdocMasterApplicationTests
17:53:32.871 [Test worker] DEBUG org.springframework.boot.test.context.SpringBootTestContextBootstrapper - @TestExecutionListeners is not present for class [com.example.restdoc.SpringRestdocMasterApplicationTests]: using defaults.
17:53:32.871 [Test worker] INFO org.springframework.boot.test.context.SpringBootTestContextBootstrapper - Loaded default TestExecutionListener class names from location [META-INF/spring.factories]: [org.springframework.boot.test.autoconfigure.restdocs.RestDocsTestExecutionListener, org.springframework.boot.test.autoconfigure.web.client.MockRestServiceServerResetTestExecutionListener, org.springframework.boot.test.autoconfigure.web.servlet.MockMvcPrintOnlyOnFailureTestExecutionListener, org.springframework.boot.test.autoconfigure.web.servlet.WebDriverTestExecutionListener, org.springframework.boot.test.mock.mockito.MockitoTestExecutionListener, org.springframework.boot.test.mock.mockito.ResetMocksTestExecutionListener, org.springframework.test.context.web.ServletTestExecutionListener, org.springframework.test.context.support.DirtiesContextBeforeModesTestExecutionListener, org.springframework.test.context.support.DependencyInjectionTestExecutionListener, org.springframework.test.context.support.DirtiesContextTestExecutionListener, org.springframework.test.context.transaction.TransactionalTestExecutionListener, org.springframework.test.context.jdbc.SqlScriptsTestExecutionListener]
17:53:32.882 [Test worker] INFO org.springframework.boot.test.context.SpringBootTestContextBootstrapper - Using TestExecutionListeners: [org.springframework.test.context.web.ServletTestExecutionListener@70984b7, org.springframework.test.context.support.DirtiesContextBeforeModesTestExecutionListener@7087fa37, org.springframework.boot.test.mock.mockito.MockitoTestExecutionListener@11777d5c, org.springframework.boot.test.autoconfigure.SpringBootDependencyInjectionTestExecutionListener@7d344dbf, org.springframework.test.context.support.DirtiesContextTestExecutionListener@36d35292, org.springframework.test.context.transaction.TransactionalTestExecutionListener@794a503d, org.springframework.test.context.jdbc.SqlScriptsTestExecutionListener@537d5fd5, org.springframework.boot.test.autoconfigure.restdocs.RestDocsTestExecutionListener@cfba9b0, org.springframework.boot.test.autoconfigure.web.client.MockRestServiceServerResetTestExecutionListener@20902d7f, org.springframework.boot.test.autoconfigure.web.servlet.MockMvcPrintOnlyOnFailureTestExecutionListener@b705ae8, org.springframework.boot.test.autoconfigure.web.servlet.WebDriverTestExecutionListener@32ca2fa4, org.springframework.boot.test.mock.mockito.ResetMocksTestExecutionListener@63adb664]
17:53:32.884 [Test worker] DEBUG org.springframework.test.annotation.ProfileValueUtils - Retrieved @ProfileValueSourceConfiguration [null] for test class [com.example.restdoc.SpringRestdocMasterApplicationTests]
17:53:32.884 [Test worker] DEBUG org.springframework.test.annotation.ProfileValueUtils - Retrieved ProfileValueSource type [class org.springframework.test.annotation.SystemProfileValueSource] for class [com.example.restdoc.SpringRestdocMasterApplicationTests]
17:53:32.885 [Test worker] DEBUG org.springframework.test.annotation.ProfileValueUtils - Retrieved @ProfileValueSourceConfiguration [null] for test class [com.example.restdoc.SpringRestdocMasterApplicationTests]
17:53:32.885 [Test worker] DEBUG org.springframework.test.annotation.ProfileValueUtils - Retrieved ProfileValueSource type [class org.springframework.test.annotation.SystemProfileValueSource] for class [com.example.restdoc.SpringRestdocMasterApplicationTests]
17:53:32.888 [Test worker] DEBUG org.springframework.test.context.support.AbstractDirtiesContextTestExecutionListener - Before test class: context [DefaultTestContext@6a2d919e testClass = SpringRestdocMasterApplicationTests, testInstance = [null], testMethod = [null], testException = [null], mergedContextConfiguration = [WebMergedContextConfiguration@778805b9 testClass = SpringRestdocMasterApplicationTests, locations = '{}', classes = '{class com.example.restdoc.SpringRestdocMasterApplication}', contextInitializerClasses = '[]', activeProfiles = '{}', propertySourceLocations = '{}', propertySourceProperties = '{org.springframework.boot.test.context.SpringBootTestContextBootstrapper=true}', contextCustomizers = set[org.springframework.boot.test.autoconfigure.properties.PropertyMappingContextCustomizer@0, org.springframework.boot.test.autoconfigure.web.servlet.WebDriverContextCustomizerFactory$Customizer@721e4f0, org.springframework.boot.test.context.filter.ExcludeFilterContextCustomizer@74a8d577, org.springframework.boot.test.json.DuplicateJsonObjectContextCustomizerFactory$DuplicateJsonObjectContextCustomizer@35856983, org.springframework.boot.test.mock.mockito.MockitoContextCustomizer@0, org.springframework.boot.test.web.client.TestRestTemplateContextCustomizer@4d2471b3], resourceBasePath = 'src/main/webapp', contextLoader = 'org.springframework.boot.test.context.SpringBootContextLoader', parent = [null]], attributes = map['org.springframework.test.context.web.ServletTestExecutionListener.activateListener' -> true]], class annotated with @DirtiesContext [false] with mode [null].
17:53:32.888 [Test worker] DEBUG org.springframework.test.annotation.ProfileValueUtils - Retrieved @ProfileValueSourceConfiguration [null] for test class [com.example.restdoc.SpringRestdocMasterApplicationTests]
17:53:32.888 [Test worker] DEBUG org.springframework.test.annotation.ProfileValueUtils - Retrieved ProfileValueSource type [class org.springframework.test.annotation.SystemProfileValueSource] for class [com.example.restdoc.SpringRestdocMasterApplicationTests]
17:53:32.901 [Test worker] DEBUG org.springframework.test.context.support.TestPropertySourceUtils - Adding inlined properties to environment: {spring.jmx.enabled=false, org.springframework.boot.test.context.SpringBootTestContextBootstrapper=true, server.port=-1}

  .   ____          _            __ _ _
 /\\ / ___'_ __ _ _(_)_ __  __ _ \ \ \ \
( ( )\___ | '_ | '_| | '_ \/ _` | \ \ \ \
 \\/  ___)| |_)| | | | | || (_| |  ) ) ) )
  '  |____| .__|_| |_|_| |_\__, | / / / /
 =========|_|==============|___/=/_/_/_/
 :: Spring Boot ::        (v2.1.1.RELEASE)

2019-08-19 17:53:33.086  INFO 79939 --- [    Test worker] .e.r.SpringRestdocMasterApplicationTests : Starting SpringRestdocMasterApplicationTests on Mac-mini-2 with PID 79939 (started by yh_kim in /Users/yh_kim/Downloads/spring-restdoc-master)
2019-08-19 17:53:33.087  INFO 79939 --- [    Test worker] .e.r.SpringRestdocMasterApplicationTests : No active profile set, falling back to default profiles: default
2019-08-19 17:53:33.458  INFO 79939 --- [    Test worker] .s.d.r.c.RepositoryConfigurationDelegate : Bootstrapping Spring Data repositories in DEFAULT mode.
2019-08-19 17:53:33.502  INFO 79939 --- [    Test worker] .s.d.r.c.RepositoryConfigurationDelegate : Finished Spring Data repository scanning in 40ms. Found 1 repository interfaces.
2019-08-19 17:53:33.727  INFO 79939 --- [    Test worker] trationDelegate$BeanPostProcessorChecker : Bean 'org.springframework.transaction.annotation.ProxyTransactionManagementConfiguration' of type [org.springframework.transaction.annotation.ProxyTransactionManagementConfiguration$$EnhancerBySpringCGLIB$$13b2e2b] is not eligible for getting processed by all BeanPostProcessors (for example: not eligible for auto-proxying)
2019-08-19 17:53:33.848  INFO 79939 --- [    Test worker] com.zaxxer.hikari.HikariDataSource       : HikariPool-1 - Starting...
2019-08-19 17:53:33.977  INFO 79939 --- [    Test worker] com.zaxxer.hikari.HikariDataSource       : HikariPool-1 - Start completed.
2019-08-19 17:53:34.026  INFO 79939 --- [    Test worker] o.hibernate.jpa.internal.util.LogHelper  : HHH000204: Processing PersistenceUnitInfo [
	name: default
	...]
2019-08-19 17:53:34.067  INFO 79939 --- [    Test worker] org.hibernate.Version                    : HHH000412: Hibernate Core {5.3.7.Final}
2019-08-19 17:53:34.067  INFO 79939 --- [    Test worker] org.hibernate.cfg.Environment            : HHH000206: hibernate.properties not found
2019-08-19 17:53:34.155  INFO 79939 --- [    Test worker] o.hibernate.annotations.common.Version   : HCANN000001: Hibernate Commons Annotations {5.0.4.Final}
2019-08-19 17:53:34.246  INFO 79939 --- [    Test worker] org.hibernate.dialect.Dialect            : HHH000400: Using dialect: org.hibernate.dialect.H2Dialect
Hibernate: 
    
    drop table user if exists
Hibernate: 
    
    drop sequence if exists hibernate_sequence
Hibernate: create sequence hibernate_sequence start with 1 increment by 1
Hibernate: 
    
    create table user (
       id bigint not null,
        age integer not null,
        login_id varchar(255),
        name varchar(255),
        number varchar(255),
        primary key (id)
    )
2019-08-19 17:53:34.620  INFO 79939 --- [    Test worker] o.h.t.schema.internal.SchemaCreatorImpl  : HHH000476: Executing import script 'org.hibernate.tool.schema.internal.exec.ScriptSourceInputNonExistentImpl@379eae52'
2019-08-19 17:53:34.622  INFO 79939 --- [    Test worker] j.LocalContainerEntityManagerFactoryBean : Initialized JPA EntityManagerFactory for persistence unit 'default'
2019-08-19 17:53:35.124  INFO 79939 --- [    Test worker] o.s.s.concurrent.ThreadPoolTaskExecutor  : Initializing ExecutorService 'applicationTaskExecutor'
2019-08-19 17:53:35.163  WARN 79939 --- [    Test worker] aWebConfiguration$JpaWebMvcConfiguration : spring.jpa.open-in-view is enabled by default. Therefore, database queries may be performed during view rendering. Explicitly configure spring.jpa.open-in-view to disable this warning
2019-08-19 17:53:35.356  INFO 79939 --- [    Test worker] .e.r.SpringRestdocMasterApplicationTests : Started SpringRestdocMasterApplicationTests in 2.449 seconds (JVM running for 3.029)
Hibernate: 
    call next value for hibernate_sequence
Hibernate: 
    insert 
    into
        user
        (age, login_id, name, number, id) 
    values
        (?, ?, ?, ?, ?)
2019-08-19 17:53:35.416  INFO 79939 --- [    Test worker] o.h.h.i.QueryTranslatorFactoryInitiator  : HHH000397: Using ASTQueryTranslatorFactory
Hibernate: 
    select
        user0_.id as id1_0_,
        user0_.age as age2_0_,
        user0_.login_id as login_id3_0_,
        user0_.name as name4_0_,
        user0_.number as number5_0_ 
    from
        user user0_
]]></system-out>
  <system-err><![CDATA[]]></system-err>
</testsuite>
