<?xml version="1.0" encoding="UTF-8"?>
<testsuite name="com.example.restdoc.controller.CommonDocumentationTests" tests="1" skipped="0" failures="0" errors="0" timestamp="2019-08-19T08:53:36" hostname="Mac-mini-2" time="0.015">
  <properties/>
  <testcase name="commons" classname="com.example.restdoc.controller.CommonDocumentationTests" time="0.015"/>
  <system-out><![CDATA[2019-08-19 17:53:36.097  INFO 79939 --- [    Test worker] .b.t.a.w.s.WebMvcTestContextBootstrapper : Neither @ContextConfiguration nor @ContextHierarchy found for test class [com.example.restdoc.controller.CommonDocumentationTests], using SpringBootContextLoader
2019-08-19 17:53:36.098  INFO 79939 --- [    Test worker] o.s.t.c.support.AbstractContextLoader    : Could not detect default resource locations for test class [com.example.restdoc.controller.CommonDocumentationTests]: no resource found for suffixes {-context.xml, Context.groovy}.
2019-08-19 17:53:36.098  INFO 79939 --- [    Test worker] t.c.s.AnnotationConfigContextLoaderUtils : Could not detect default configuration classes for test class [com.example.restdoc.controller.CommonDocumentationTests]: CommonDocumentationTests does not declare any static, non-private, non-final, nested classes annotated with @Configuration.
2019-08-19 17:53:36.100  INFO 79939 --- [    Test worker] .b.t.c.SpringBootTestContextBootstrapper : Found @SpringBootConfiguration com.example.restdoc.SpringRestdocMasterApplication for test class com.example.restdoc.controller.CommonDocumentationTests
2019-08-19 17:53:36.100  INFO 79939 --- [    Test worker] .b.t.a.w.s.WebMvcTestContextBootstrapper : Loaded default TestExecutionListener class names from location [META-INF/spring.factories]: [org.springframework.boot.test.autoconfigure.restdocs.RestDocsTestExecutionListener, org.springframework.boot.test.autoconfigure.web.client.MockRestServiceServerResetTestExecutionListener, org.springframework.boot.test.autoconfigure.web.servlet.MockMvcPrintOnlyOnFailureTestExecutionListener, org.springframework.boot.test.autoconfigure.web.servlet.WebDriverTestExecutionListener, org.springframework.boot.test.mock.mockito.MockitoTestExecutionListener, org.springframework.boot.test.mock.mockito.ResetMocksTestExecutionListener, org.springframework.test.context.web.ServletTestExecutionListener, org.springframework.test.context.support.DirtiesContextBeforeModesTestExecutionListener, org.springframework.test.context.support.DependencyInjectionTestExecutionListener, org.springframework.test.context.support.DirtiesContextTestExecutionListener, org.springframework.test.context.transaction.TransactionalTestExecutionListener, org.springframework.test.context.jdbc.SqlScriptsTestExecutionListener]
2019-08-19 17:53:36.101  INFO 79939 --- [    Test worker] .b.t.a.w.s.WebMvcTestContextBootstrapper : Using TestExecutionListeners: [org.springframework.test.context.web.ServletTestExecutionListener@267abd54, org.springframework.test.context.support.DirtiesContextBeforeModesTestExecutionListener@4c3afca0, org.springframework.boot.test.mock.mockito.MockitoTestExecutionListener@7810f2ad, org.springframework.boot.test.autoconfigure.SpringBootDependencyInjectionTestExecutionListener@b8fb7d8, org.springframework.test.context.support.DirtiesContextTestExecutionListener@78ec2be0, org.springframework.test.context.transaction.TransactionalTestExecutionListener@63a807a1, org.springframework.test.context.jdbc.SqlScriptsTestExecutionListener@1cd204e3, org.springframework.boot.test.autoconfigure.restdocs.RestDocsTestExecutionListener@6a1541d6, org.springframework.boot.test.autoconfigure.web.client.MockRestServiceServerResetTestExecutionListener@73bfc45f, org.springframework.boot.test.autoconfigure.web.servlet.MockMvcPrintOnlyOnFailureTestExecutionListener@50894086, org.springframework.boot.test.autoconfigure.web.servlet.WebDriverTestExecutionListener@5cf0a368, org.springframework.boot.test.mock.mockito.ResetMocksTestExecutionListener@1cab52d1]

  .   ____          _            __ _ _
 /\\ / ___'_ __ _ _(_)_ __  __ _ \ \ \ \
( ( )\___ | '_ | '_| | '_ \/ _` | \ \ \ \
 \\/  ___)| |_)| | | | | || (_| |  ) ) ) )
  '  |____| .__|_| |_|_| |_\__, | / / / /
 =========|_|==============|___/=/_/_/_/
 :: Spring Boot ::        (v2.1.1.RELEASE)

2019-08-19 17:53:36.110  INFO 79939 --- [    Test worker] c.e.r.c.CommonDocumentationTests         : Starting CommonDocumentationTests on Mac-mini-2 with PID 79939 (started by yh_kim in /Users/yh_kim/Downloads/spring-restdoc-master)
2019-08-19 17:53:36.110  INFO 79939 --- [    Test worker] c.e.r.c.CommonDocumentationTests         : No active profile set, falling back to default profiles: default
2019-08-19 17:53:36.268  INFO 79939 --- [    Test worker] o.s.s.concurrent.ThreadPoolTaskExecutor  : Initializing ExecutorService 'applicationTaskExecutor'
2019-08-19 17:53:36.335  INFO 79939 --- [    Test worker] o.s.b.t.m.w.SpringBootMockServletContext : Initializing Spring TestDispatcherServlet ''
2019-08-19 17:53:36.335  INFO 79939 --- [    Test worker] o.s.t.web.servlet.TestDispatcherServlet  : Initializing Servlet ''
2019-08-19 17:53:36.339  INFO 79939 --- [    Test worker] o.s.t.web.servlet.TestDispatcherServlet  : Completed initialization in 4 ms
2019-08-19 17:53:36.346  INFO 79939 --- [    Test worker] c.e.r.c.CommonDocumentationTests         : Started CommonDocumentationTests in 0.244 seconds (JVM running for 4.02)
]]></system-out>
  <system-err><![CDATA[]]></system-err>
</testsuite>
